#
# A fatal error has been detected by the Java Runtime Environment:
#
#  EXCEPTION_ACCESS_VIOLATION (0xc0000005) at pc=0x77a99ff0, pid=10820, tid=1400
#
# JRE version: Java(TM) SE Runtime Environment (8.0_60-b27) (build 1.8.0_60-b27)
# Java VM: Java HotSpot(TM) Client VM (25.60-b23 mixed mode windows-x86 )
# Problematic frame:
# C  [ntdll.dll+0x49ff0]
#
# Failed to write core dump. Minidumps are not enabled by default on client versions of Windows
#
# If you would like to submit a bug report, please visit:
#   http://bugreport.java.com/bugreport/crash.jsp
# The crash happened outside the Java Virtual Machine in native code.
# See problematic frame for where to report the bug.
#

---------------  T H R E A D  ---------------

Current thread (0x022fcc00):  JavaThread "main" [_thread_in_native, id=1400, stack(0x00730000,0x00780000)]

siginfo: ExceptionCode=0xc0000005, reading address 0xffffffff

Registers:
EAX=0x1719401a, EBX=0x00000000, ECX=0x0000005c, EDX=0x1465bc50
ESP=0x0077cff8, EBP=0x0077d018, ESI=0x17193f80, EDI=0x000000d2
EIP=0x77a99ff0, EFLAGS=0x00010246

Top of Stack: (sp=0x0077cff8)
0x0077cff8:   00000069 0077d0d8 0077d130 000000de
0x0077d008:   00d400d2 17193f80 00000000 00000000
0x0077d018:   0077d0b8 77a99d87 8938891c 00000000
0x0077d028:   0000005c 00000044 17193bd0 00000002
0x0077d038:   00690000 0077d12c 00000009 00000069
0x0077d048:   17193bcc 00000009 00000012 000000d2
0x0077d058:   00000020 00000000 00691738 0077d0d8
0x0077d068:   0077d0f4 77a90ea9 00000000 00000000 

Instructions: (pc=0x77a99ff0)
0x77a99fd0:   ff b8 5c 00 00 00 66 89 04 4b 41 89 4d a4 46 89
0x77a99fe0:   75 b0 e9 7b fe ff ff 8b cf 83 c0 02 d1 e9 8d 0c
0x77a99ff0:   4e 3b c1 0f 83 5b fc ff ff 66 8b 08 66 83 c9 20
0x77a9a000:   0f b7 c9 83 f9 70 74 18 83 f9 63 74 13 83 f9 6e 


Register to memory mapping:

EAX=0x1719401a is an unknown value
EBX=0x00000000 is an unknown value
ECX=0x0000005c is an unknown value
EDX=0x1465bc50 is pointing into metadata
ESP=0x0077cff8 is pointing into the stack for thread: 0x022fcc00
EBP=0x0077d018 is pointing into the stack for thread: 0x022fcc00
ESI=0x17193f80 is an unknown value
EDI=0x000000d2 is an unknown value


Stack: [0x00730000,0x00780000],  sp=0x0077cff8,  free space=307k
Native frames: (J=compiled Java code, j=interpreted, Vv=VM code, C=native code)
C  [ntdll.dll+0x49ff0]
C  [ntdll.dll+0x49d87]
C  [ntdll.dll+0x66070]
C  [KERNELBASE.dll+0x1761f]
C  [java.dll+0x7fd4]
C  [java.dll+0x80cd]
J 592 C1 java.io.File.exists()Z (43 bytes) @ 0x0264e8e0 [0x0264e860+0x80]
J 534 C1 sun.misc.URLClassPath$FileLoader.getResource(Ljava/lang/String;Z)Lsun/misc/Resource; (164 bytes) @ 0x0263e114 [0x0263ddd0+0x344]
J 134 C1 sun.misc.URLClassPath.getResource(Ljava/lang/String;Z)Lsun/misc/Resource; (83 bytes) @ 0x025d1248 [0x025d11f0+0x58]
J 439 C1 java.net.URLClassLoader$1.run()Ljava/lang/Class; (63 bytes) @ 0x02627db4 [0x02627d50+0x64]
J 438 C1 java.net.URLClassLoader$1.run()Ljava/lang/Object; (5 bytes) @ 0x025b1ea0 [0x025b1e80+0x20]
v  ~StubRoutines::call_stub
V  [jvm.dll+0x158985]
V  [jvm.dll+0x21df3e]
V  [jvm.dll+0x158a1e]
V  [jvm.dll+0x10934f]
C  [java.dll+0x1061]
J 435 C1 java.net.URLClassLoader.findClass(Ljava/lang/String;)Ljava/lang/Class; (47 bytes) @ 0x025b2124 [0x025b20a0+0x84]
J 340 C1 java.lang.ClassLoader.loadClass(Ljava/lang/String;Z)Ljava/lang/Class; (122 bytes) @ 0x02604c4c [0x026049f0+0x25c]
J 485 C1 sun.misc.Launcher$AppClassLoader.loadClass(Ljava/lang/String;Z)Ljava/lang/Class; (85 bytes) @ 0x02631e14 [0x02631bc0+0x254]
J 480 C1 java.lang.ClassLoader.loadClass(Ljava/lang/String;)Ljava/lang/Class; (7 bytes) @ 0x02630c3c [0x02630c10+0x2c]
v  ~StubRoutines::call_stub
V  [jvm.dll+0x158985]
V  [jvm.dll+0x21df3e]
V  [jvm.dll+0x158a1e]
V  [jvm.dll+0x158ba6]
V  [jvm.dll+0x158c8f]
V  [jvm.dll+0x4fa95]
V  [jvm.dll+0x4ff4a]
V  [jvm.dll+0x51190]
V  [jvm.dll+0x511da]
V  [jvm.dll+0xab3e8]
V  [jvm.dll+0x7f9c2]
V  [jvm.dll+0x7fba7]
j  com.zaxxer.hikari.pool.ProxyFactory.getProxyConnection(Lcom/zaxxer/hikari/pool/PoolEntry;Ljava/sql/Connection;Lcom/zaxxer/hikari/util/FastList;Lcom/zaxxer/hikari/pool/ProxyLeakTask;JZZ)Lcom/zaxxer/hikari/pool/ProxyConnection;+0
j  com.zaxxer.hikari.pool.PoolEntry.createProxyConnection(Lcom/zaxxer/hikari/pool/ProxyLeakTask;J)Ljava/sql/Connection;+19
j  com.zaxxer.hikari.pool.HikariPool.getConnection(J)Ljava/sql/Connection;+139
j  com.zaxxer.hikari.pool.HikariPool.getConnection()Ljava/sql/Connection;+5
j  com.zaxxer.hikari.HikariDataSource.getConnection()Ljava/sql/Connection;+163
j  org.springframework.jdbc.datasource.DataSourceUtils.fetchConnection(Ljavax/sql/DataSource;)Ljava/sql/Connection;+1
j  org.springframework.jdbc.datasource.DataSourceUtils.doGetConnection(Ljavax/sql/DataSource;)Ljava/sql/Connection;+77
j  org.springframework.jdbc.datasource.DataSourceUtils.getConnection(Ljavax/sql/DataSource;)Ljava/sql/Connection;+1
j  org.springframework.jdbc.support.JdbcUtils.extractDatabaseMetaData(Ljavax/sql/DataSource;Lorg/springframework/jdbc/support/DatabaseMetaDataCallback;)Ljava/lang/Object;+3
j  org.springframework.jdbc.support.JdbcUtils.extractDatabaseMetaData(Ljavax/sql/DataSource;Ljava/lang/String;)Ljava/lang/Object;+7
j  org.springframework.boot.autoconfigure.orm.jpa.DatabaseLookup.getDatabase(Ljavax/sql/DataSource;)Lorg/springframework/orm/jpa/vendor/Database;+11
j  org.springframework.boot.autoconfigure.orm.jpa.JpaProperties.determineDatabase(Ljavax/sql/DataSource;)Lorg/springframework/orm/jpa/vendor/Database;+13
j  org.springframework.boot.autoconfigure.orm.jpa.JpaBaseConfiguration.jpaVendorAdapter()Lorg/springframework/orm/jpa/JpaVendorAdapter;+25
j  org.springframework.boot.autoconfigure.orm.jpa.HibernateJpaConfiguration$$EnhancerBySpringCGLIB$$22e67683.CGLIB$jpaVendorAdapter$8()Lorg/springframework/orm/jpa/JpaVendorAdapter;+1
j  org.springframework.boot.autoconfigure.orm.jpa.HibernateJpaConfiguration$$EnhancerBySpringCGLIB$$22e67683$$FastClassBySpringCGLIB$$ccbda9fa.invoke(ILjava/lang/Object;[Ljava/lang/Object;)Ljava/lang/Object;+196
j  org.springframework.cglib.proxy.MethodProxy.invokeSuper(Ljava/lang/Object;[Ljava/lang/Object;)Ljava/lang/Object;+19
j  org.springframework.context.annotation.ConfigurationClassEnhancer$BeanMethodInterceptor.intercept(Ljava/lang/Object;Ljava/lang/reflect/Method;[Ljava/lang/Object;Lorg/springframework/cglib/proxy/MethodProxy;)Ljava/lang/Object;+207
j  org.springframework.boot.autoconfigure.orm.jpa.HibernateJpaConfiguration$$EnhancerBySpringCGLIB$$22e67683.jpaVendorAdapter()Lorg/springframework/orm/jpa/JpaVendorAdapter;+31
v  ~StubRoutines::call_stub
V  [jvm.dll+0x158985]
V  [jvm.dll+0x21df3e]
V  [jvm.dll+0x158a1e]
V  [jvm.dll+0x165208]
V  [jvm.dll+0x165473]
V  [jvm.dll+0x102153]
C  [java.dll+0x3b26]
j  sun.reflect.NativeMethodAccessorImpl.invoke(Ljava/lang/Object;[Ljava/lang/Object;)Ljava/lang/Object;+100
J 822 C1 sun.reflect.DelegatingMethodAccessorImpl.invoke(Ljava/lang/Object;[Ljava/lang/Object;)Ljava/lang/Object; (10 bytes) @ 0x026baf40 [0x026baf10+0x30]
J 821 C1 java.lang.reflect.Method.invoke(Ljava/lang/Object;[Ljava/lang/Object;)Ljava/lang/Object; (62 bytes) @ 0x026bac7c [0x026babc0+0xbc]
j  org.springframework.beans.factory.support.SimpleInstantiationStrategy.instantiate(Lorg/springframework/beans/factory/support/RootBeanDefinition;Ljava/lang/String;Lorg/springframework/beans/factory/BeanFactory;Ljava/lang/Object;Ljava/lang/reflect/Method;[Ljava/lang/Object;)Ljava/lang/Object;+50
j  org.springframework.beans.factory.support.ConstructorResolver.instantiate(Ljava/lang/String;Lorg/springframework/beans/factory/support/RootBeanDefinition;Ljava/lang/Object;Ljava/lang/reflect/Method;[Ljava/lang/Object;)Ljava/lang/Object;+48
j  org.springframework.beans.factory.support.ConstructorResolver.instantiateUsingFactoryMethod(Ljava/lang/String;Lorg/springframework/beans/factory/support/RootBeanDefinition;[Ljava/lang/Object;)Lorg/springframework/beans/BeanWrapper;+439
j  org.springframework.beans.factory.support.AbstractAutowireCapableBeanFactory.instantiateUsingFactoryMethod(Ljava/lang/String;Lorg/springframework/beans/factory/support/RootBeanDefinition;[Ljava/lang/Object;)Lorg/springframework/beans/BeanWrapper;+11
j  org.springframework.beans.factory.support.AbstractAutowireCapableBeanFactory.createBeanInstance(Ljava/lang/String;Lorg/springframework/beans/factory/support/RootBeanDefinition;[Ljava/lang/Object;)Lorg/springframework/beans/BeanWrapper;+101
j  org.springframework.beans.factory.support.AbstractAutowireCapableBeanFactory.doCreateBean(Ljava/lang/String;Lorg/springframework/beans/factory/support/RootBeanDefinition;[Ljava/lang/Object;)Ljava/lang/Object;+34
j  org.springframework.beans.factory.support.AbstractAutowireCapableBeanFactory.createBean(Ljava/lang/String;Lorg/springframework/beans/factory/support/RootBeanDefinition;[Ljava/lang/Object;)Ljava/lang/Object;+169
j  org.springframework.beans.factory.support.AbstractBeanFactory.lambda$doGetBean$0(Ljava/lang/String;Lorg/springframework/beans/factory/support/RootBeanDefinition;[Ljava/lang/Object;)Ljava/lang/Object;+4
j  org.springframework.beans.factory.support.AbstractBeanFactory$$Lambda$93.getObject()Ljava/lang/Object;+16
j  org.springframework.beans.factory.support.DefaultSingletonBeanRegistry.getSingleton(Ljava/lang/String;Lorg/springframework/beans/factory/ObjectFactory;)Ljava/lang/Object;+132
j  org.springframework.beans.factory.support.AbstractBeanFactory.doGetBean(Ljava/lang/String;Ljava/lang/Class;[Ljava/lang/Object;Z)Ljava/lang/Object;+467
j  org.springframework.beans.factory.support.AbstractBeanFactory.getBean(Ljava/lang/String;)Ljava/lang/Object;+5
j  org.springframework.beans.factory.config.DependencyDescriptor.resolveCandidate(Ljava/lang/String;Ljava/lang/Class;Lorg/springframework/beans/factory/BeanFactory;)Ljava/lang/Object;+2
j  org.springframework.beans.factory.support.DefaultListableBeanFactory.doResolveDependency(Lorg/springframework/beans/factory/config/DependencyDescriptor;Ljava/lang/String;Ljava/util/Set;Lorg/springframework/beans/TypeConverter;)Ljava/lang/Object;+440
j  org.springframework.beans.factory.support.DefaultListableBeanFactory.resolveDependency(Lorg/springframework/beans/factory/config/DependencyDescriptor;Ljava/lang/String;Ljava/util/Set;Lorg/springframework/beans/TypeConverter;)Ljava/lang/Object;+108
j  org.springframework.beans.factory.support.ConstructorResolver.resolveAutowiredArgument(Lorg/springframework/core/MethodParameter;Ljava/lang/String;Ljava/util/Set;Lorg/springframework/beans/TypeConverter;Z)Ljava/lang/Object;+79
j  org.springframework.beans.factory.support.ConstructorResolver.createArgumentArray(Ljava/lang/String;Lorg/springframework/beans/factory/support/RootBeanDefinition;Lorg/springframework/beans/factory/config/ConstructorArgumentValues;Lorg/springframework/beans/BeanWrapper;[Ljava/lang/Class;[Ljava/lang/String;Ljava/lang/reflect/Executable;ZZ)Lorg/springframework/beans/factory/support/ConstructorResolver$ArgumentsHolder;+434
j  org.springframework.beans.factory.support.ConstructorResolver.instantiateUsingFactoryMethod(Ljava/lang/String;Lorg/springframework/beans/factory/support/RootBeanDefinition;[Ljava/lang/Object;)Lorg/springframework/beans/BeanWrapper;+674
j  org.springframework.beans.factory.support.AbstractAutowireCapableBeanFactory.instantiateUsingFactoryMethod(Ljava/lang/String;Lorg/springframework/beans/factory/support/RootBeanDefinition;[Ljava/lang/Object;)Lorg/springframework/beans/BeanWrapper;+11
j  org.springframework.beans.factory.support.AbstractAutowireCapableBeanFactory.createBeanInstance(Ljava/lang/String;Lorg/springframework/beans/factory/support/RootBeanDefinition;[Ljava/lang/Object;)Lorg/springframework/beans/BeanWrapper;+101
j  org.springframework.beans.factory.support.AbstractAutowireCapableBeanFactory.doCreateBean(Ljava/lang/String;Lorg/springframework/beans/factory/support/RootBeanDefinition;[Ljava/lang/Object;)Ljava/lang/Object;+34
j  org.springframework.beans.factory.support.AbstractAutowireCapableBeanFactory.createBean(Ljava/lang/String;Lorg/springframework/beans/factory/support/RootBeanDefinition;[Ljava/lang/Object;)Ljava/lang/Object;+169
j  org.springframework.beans.factory.support.AbstractBeanFactory.lambda$doGetBean$0(Ljava/lang/String;Lorg/springframework/beans/factory/support/RootBeanDefinition;[Ljava/lang/Object;)Ljava/lang/Object;+4
j  org.springframework.beans.factory.support.AbstractBeanFactory$$Lambda$93.getObject()Ljava/lang/Object;+16
j  org.springframework.beans.factory.support.DefaultSingletonBeanRegistry.getSingleton(Ljava/lang/String;Lorg/springframework/beans/factory/ObjectFactory;)Ljava/lang/Object;+132
j  org.springframework.beans.factory.support.AbstractBeanFactory.doGetBean(Ljava/lang/String;Ljava/lang/Class;[Ljava/lang/Object;Z)Ljava/lang/Object;+467
j  org.springframework.beans.factory.support.AbstractBeanFactory.getBean(Ljava/lang/String;)Ljava/lang/Object;+5
j  org.springframework.beans.factory.config.DependencyDescriptor.resolveCandidate(Ljava/lang/String;Ljava/lang/Class;Lorg/springframework/beans/factory/BeanFactory;)Ljava/lang/Object;+2
j  org.springframework.beans.factory.support.DefaultListableBeanFactory.doResolveDependency(Lorg/springframework/beans/factory/config/DependencyDescriptor;Ljava/lang/String;Ljava/util/Set;Lorg/springframework/beans/TypeConverter;)Ljava/lang/Object;+440
j  org.springframework.beans.factory.support.DefaultListableBeanFactory.resolveDependency(Lorg/springframework/beans/factory/config/DependencyDescriptor;Ljava/lang/String;Ljava/util/Set;Lorg/springframework/beans/TypeConverter;)Ljava/lang/Object;+108
j  org.springframework.beans.factory.support.ConstructorResolver.resolveAutowiredArgument(Lorg/springframework/core/MethodParameter;Ljava/lang/String;Ljava/util/Set;Lorg/springframework/beans/TypeConverter;Z)Ljava/lang/Object;+79
j  org.springframework.beans.factory.support.ConstructorResolver.createArgumentArray(Ljava/lang/String;Lorg/springframework/beans/factory/support/RootBeanDefinition;Lorg/springframework/beans/factory/config/ConstructorArgumentValues;Lorg/springframework/beans/BeanWrapper;[Ljava/lang/Class;[Ljava/lang/String;Ljava/lang/reflect/Executable;ZZ)Lorg/springframework/beans/factory/support/ConstructorResolver$ArgumentsHolder;+434
j  org.springframework.beans.factory.support.ConstructorResolver.instantiateUsingFactoryMethod(Ljava/lang/String;Lorg/springframework/beans/factory/support/RootBeanDefinition;[Ljava/lang/Object;)Lorg/springframework/beans/BeanWrapper;+674
j  org.springframework.beans.factory.support.AbstractAutowireCapableBeanFactory.instantiateUsingFactoryMethod(Ljava/lang/String;Lorg/springframework/beans/factory/support/RootBeanDefinition;[Ljava/lang/Object;)Lorg/springframework/beans/BeanWrapper;+11
j  org.springframework.beans.factory.support.AbstractAutowireCapableBeanFactory.createBeanInstance(Ljava/lang/String;Lorg/springframework/beans/factory/support/RootBeanDefinition;[Ljava/lang/Object;)Lorg/springframework/beans/BeanWrapper;+101
j  org.springframework.beans.factory.support.AbstractAutowireCapableBeanFactory.doCreateBean(Ljava/lang/String;Lorg/springframework/beans/factory/support/RootBeanDefinition;[Ljava/lang/Object;)Ljava/lang/Object;+34
j  org.springframework.beans.factory.support.AbstractAutowireCapableBeanFactory.createBean(Ljava/lang/String;Lorg/springframework/beans/factory/support/RootBeanDefinition;[Ljava/lang/Object;)Ljava/lang/Object;+169
...<more frames>...

Java frames: (J=compiled Java code, j=interpreted, Vv=VM code)
J 469  java.io.WinNTFileSystem.getBooleanAttributes(Ljava/io/File;)I (0 bytes) @ 0x0262dfe6 [0x0262df90+0x56]
J 592 C1 java.io.File.exists()Z (43 bytes) @ 0x0264e8e0 [0x0264e860+0x80]
J 534 C1 sun.misc.URLClassPath$FileLoader.getResource(Ljava/lang/String;Z)Lsun/misc/Resource; (164 bytes) @ 0x0263e114 [0x0263ddd0+0x344]
J 134 C1 sun.misc.URLClassPath.getResource(Ljava/lang/String;Z)Lsun/misc/Resource; (83 bytes) @ 0x025d1248 [0x025d11f0+0x58]
J 439 C1 java.net.URLClassLoader$1.run()Ljava/lang/Class; (63 bytes) @ 0x02627db4 [0x02627d50+0x64]
J 438 C1 java.net.URLClassLoader$1.run()Ljava/lang/Object; (5 bytes) @ 0x025b1ea0 [0x025b1e80+0x20]
v  ~StubRoutines::call_stub
J 437  java.security.AccessController.doPrivileged(Ljava/security/PrivilegedExceptionAction;Ljava/security/AccessControlContext;)Ljava/lang/Object; (0 bytes) @ 0x025b2c47 [0x025b2be0+0x67]
J 435 C1 java.net.URLClassLoader.findClass(Ljava/lang/String;)Ljava/lang/Class; (47 bytes) @ 0x025b2124 [0x025b20a0+0x84]
J 340 C1 java.lang.ClassLoader.loadClass(Ljava/lang/String;Z)Ljava/lang/Class; (122 bytes) @ 0x02604c4c [0x026049f0+0x25c]
J 485 C1 sun.misc.Launcher$AppClassLoader.loadClass(Ljava/lang/String;Z)Ljava/lang/Class; (85 bytes) @ 0x02631e14 [0x02631bc0+0x254]
J 480 C1 java.lang.ClassLoader.loadClass(Ljava/lang/String;)Ljava/lang/Class; (7 bytes) @ 0x02630c3c [0x02630c10+0x2c]
v  ~StubRoutines::call_stub
j  com.zaxxer.hikari.pool.ProxyFactory.getProxyConnection(Lcom/zaxxer/hikari/pool/PoolEntry;Ljava/sql/Connection;Lcom/zaxxer/hikari/util/FastList;Lcom/zaxxer/hikari/pool/ProxyLeakTask;JZZ)Lcom/zaxxer/hikari/pool/ProxyConnection;+0
j  com.zaxxer.hikari.pool.PoolEntry.createProxyConnection(Lcom/zaxxer/hikari/pool/ProxyLeakTask;J)Ljava/sql/Connection;+19
j  com.zaxxer.hikari.pool.HikariPool.getConnection(J)Ljava/sql/Connection;+139
j  com.zaxxer.hikari.pool.HikariPool.getConnection()Ljava/sql/Connection;+5
j  com.zaxxer.hikari.HikariDataSource.getConnection()Ljava/sql/Connection;+163
j  org.springframework.jdbc.datasource.DataSourceUtils.fetchConnection(Ljavax/sql/DataSource;)Ljava/sql/Connection;+1
j  org.springframework.jdbc.datasource.DataSourceUtils.doGetConnection(Ljavax/sql/DataSource;)Ljava/sql/Connection;+77
j  org.springframework.jdbc.datasource.DataSourceUtils.getConnection(Ljavax/sql/DataSource;)Ljava/sql/Connection;+1
j  org.springframework.jdbc.support.JdbcUtils.extractDatabaseMetaData(Ljavax/sql/DataSource;Lorg/springframework/jdbc/support/DatabaseMetaDataCallback;)Ljava/lang/Object;+3
j  org.springframework.jdbc.support.JdbcUtils.extractDatabaseMetaData(Ljavax/sql/DataSource;Ljava/lang/String;)Ljava/lang/Object;+7
j  org.springframework.boot.autoconfigure.orm.jpa.DatabaseLookup.getDatabase(Ljavax/sql/DataSource;)Lorg/springframework/orm/jpa/vendor/Database;+11
j  org.springframework.boot.autoconfigure.orm.jpa.JpaProperties.determineDatabase(Ljavax/sql/DataSource;)Lorg/springframework/orm/jpa/vendor/Database;+13
j  org.springframework.boot.autoconfigure.orm.jpa.JpaBaseConfiguration.jpaVendorAdapter()Lorg/springframework/orm/jpa/JpaVendorAdapter;+25
j  org.springframework.boot.autoconfigure.orm.jpa.HibernateJpaConfiguration$$EnhancerBySpringCGLIB$$22e67683.CGLIB$jpaVendorAdapter$8()Lorg/springframework/orm/jpa/JpaVendorAdapter;+1
j  org.springframework.boot.autoconfigure.orm.jpa.HibernateJpaConfiguration$$EnhancerBySpringCGLIB$$22e67683$$FastClassBySpringCGLIB$$ccbda9fa.invoke(ILjava/lang/Object;[Ljava/lang/Object;)Ljava/lang/Object;+196
j  org.springframework.cglib.proxy.MethodProxy.invokeSuper(Ljava/lang/Object;[Ljava/lang/Object;)Ljava/lang/Object;+19
j  org.springframework.context.annotation.ConfigurationClassEnhancer$BeanMethodInterceptor.intercept(Ljava/lang/Object;Ljava/lang/reflect/Method;[Ljava/lang/Object;Lorg/springframework/cglib/proxy/MethodProxy;)Ljava/lang/Object;+207
j  org.springframework.boot.autoconfigure.orm.jpa.HibernateJpaConfiguration$$EnhancerBySpringCGLIB$$22e67683.jpaVendorAdapter()Lorg/springframework/orm/jpa/JpaVendorAdapter;+31
v  ~StubRoutines::call_stub
j  sun.reflect.NativeMethodAccessorImpl.invoke0(Ljava/lang/reflect/Method;Ljava/lang/Object;[Ljava/lang/Object;)Ljava/lang/Object;+0
j  sun.reflect.NativeMethodAccessorImpl.invoke(Ljava/lang/Object;[Ljava/lang/Object;)Ljava/lang/Object;+100
J 822 C1 sun.reflect.DelegatingMethodAccessorImpl.invoke(Ljava/lang/Object;[Ljava/lang/Object;)Ljava/lang/Object; (10 bytes) @ 0x026baf40 [0x026baf10+0x30]
J 821 C1 java.lang.reflect.Method.invoke(Ljava/lang/Object;[Ljava/lang/Object;)Ljava/lang/Object; (62 bytes) @ 0x026bac7c [0x026babc0+0xbc]
j  org.springframework.beans.factory.support.SimpleInstantiationStrategy.instantiate(Lorg/springframework/beans/factory/support/RootBeanDefinition;Ljava/lang/String;Lorg/springframework/beans/factory/BeanFactory;Ljava/lang/Object;Ljava/lang/reflect/Method;[Ljava/lang/Object;)Ljava/lang/Object;+50
j  org.springframework.beans.factory.support.ConstructorResolver.instantiate(Ljava/lang/String;Lorg/springframework/beans/factory/support/RootBeanDefinition;Ljava/lang/Object;Ljava/lang/reflect/Method;[Ljava/lang/Object;)Ljava/lang/Object;+48
j  org.springframework.beans.factory.support.ConstructorResolver.instantiateUsingFactoryMethod(Ljava/lang/String;Lorg/springframework/beans/factory/support/RootBeanDefinition;[Ljava/lang/Object;)Lorg/springframework/beans/BeanWrapper;+439
j  org.springframework.beans.factory.support.AbstractAutowireCapableBeanFactory.instantiateUsingFactoryMethod(Ljava/lang/String;Lorg/springframework/beans/factory/support/RootBeanDefinition;[Ljava/lang/Object;)Lorg/springframework/beans/BeanWrapper;+11
j  org.springframework.beans.factory.support.AbstractAutowireCapableBeanFactory.createBeanInstance(Ljava/lang/String;Lorg/springframework/beans/factory/support/RootBeanDefinition;[Ljava/lang/Object;)Lorg/springframework/beans/BeanWrapper;+101
j  org.springframework.beans.factory.support.AbstractAutowireCapableBeanFactory.doCreateBean(Ljava/lang/String;Lorg/springframework/beans/factory/support/RootBeanDefinition;[Ljava/lang/Object;)Ljava/lang/Object;+34
j  org.springframework.beans.factory.support.AbstractAutowireCapableBeanFactory.createBean(Ljava/lang/String;Lorg/springframework/beans/factory/support/RootBeanDefinition;[Ljava/lang/Object;)Ljava/lang/Object;+169
j  org.springframework.beans.factory.support.AbstractBeanFactory.lambda$doGetBean$0(Ljava/lang/String;Lorg/springframework/beans/factory/support/RootBeanDefinition;[Ljava/lang/Object;)Ljava/lang/Object;+4
j  org.springframework.beans.factory.support.AbstractBeanFactory$$Lambda$93.getObject()Ljava/lang/Object;+16
j  org.springframework.beans.factory.support.DefaultSingletonBeanRegistry.getSingleton(Ljava/lang/String;Lorg/springframework/beans/factory/ObjectFactory;)Ljava/lang/Object;+132
j  org.springframework.beans.factory.support.AbstractBeanFactory.doGetBean(Ljava/lang/String;Ljava/lang/Class;[Ljava/lang/Object;Z)Ljava/lang/Object;+467
j  org.springframework.beans.factory.support.AbstractBeanFactory.getBean(Ljava/lang/String;)Ljava/lang/Object;+5
j  org.springframework.beans.factory.config.DependencyDescriptor.resolveCandidate(Ljava/lang/String;Ljava/lang/Class;Lorg/springframework/beans/factory/BeanFactory;)Ljava/lang/Object;+2
j  org.springframework.beans.factory.support.DefaultListableBeanFactory.doResolveDependency(Lorg/springframework/beans/factory/config/DependencyDescriptor;Ljava/lang/String;Ljava/util/Set;Lorg/springframework/beans/TypeConverter;)Ljava/lang/Object;+440
j  org.springframework.beans.factory.support.DefaultListableBeanFactory.resolveDependency(Lorg/springframework/beans/factory/config/DependencyDescriptor;Ljava/lang/String;Ljava/util/Set;Lorg/springframework/beans/TypeConverter;)Ljava/lang/Object;+108
j  org.springframework.beans.factory.support.ConstructorResolver.resolveAutowiredArgument(Lorg/springframework/core/MethodParameter;Ljava/lang/String;Ljava/util/Set;Lorg/springframework/beans/TypeConverter;Z)Ljava/lang/Object;+79
j  org.springframework.beans.factory.support.ConstructorResolver.createArgumentArray(Ljava/lang/String;Lorg/springframework/beans/factory/support/RootBeanDefinition;Lorg/springframework/beans/factory/config/ConstructorArgumentValues;Lorg/springframework/beans/BeanWrapper;[Ljava/lang/Class;[Ljava/lang/String;Ljava/lang/reflect/Executable;ZZ)Lorg/springframework/beans/factory/support/ConstructorResolver$ArgumentsHolder;+434
j  org.springframework.beans.factory.support.ConstructorResolver.instantiateUsingFactoryMethod(Ljava/lang/String;Lorg/springframework/beans/factory/support/RootBeanDefinition;[Ljava/lang/Object;)Lorg/springframework/beans/BeanWrapper;+674
j  org.springframework.beans.factory.support.AbstractAutowireCapableBeanFactory.instantiateUsingFactoryMethod(Ljava/lang/String;Lorg/springframework/beans/factory/support/RootBeanDefinition;[Ljava/lang/Object;)Lorg/springframework/beans/BeanWrapper;+11
j  org.springframework.beans.factory.support.AbstractAutowireCapableBeanFactory.createBeanInstance(Ljava/lang/String;Lorg/springframework/beans/factory/support/RootBeanDefinition;[Ljava/lang/Object;)Lorg/springframework/beans/BeanWrapper;+101
j  org.springframework.beans.factory.support.AbstractAutowireCapableBeanFactory.doCreateBean(Ljava/lang/String;Lorg/springframework/beans/factory/support/RootBeanDefinition;[Ljava/lang/Object;)Ljava/lang/Object;+34
j  org.springframework.beans.factory.support.AbstractAutowireCapableBeanFactory.createBean(Ljava/lang/String;Lorg/springframework/beans/factory/support/RootBeanDefinition;[Ljava/lang/Object;)Ljava/lang/Object;+169
j  org.springframework.beans.factory.support.AbstractBeanFactory.lambda$doGetBean$0(Ljava/lang/String;Lorg/springframework/beans/factory/support/RootBeanDefinition;[Ljava/lang/Object;)Ljava/lang/Object;+4
j  org.springframework.beans.factory.support.AbstractBeanFactory$$Lambda$93.getObject()Ljava/lang/Object;+16
j  org.springframework.beans.factory.support.DefaultSingletonBeanRegistry.getSingleton(Ljava/lang/String;Lorg/springframework/beans/factory/ObjectFactory;)Ljava/lang/Object;+132
j  org.springframework.beans.factory.support.AbstractBeanFactory.doGetBean(Ljava/lang/String;Ljava/lang/Class;[Ljava/lang/Object;Z)Ljava/lang/Object;+467
j  org.springframework.beans.factory.support.AbstractBeanFactory.getBean(Ljava/lang/String;)Ljava/lang/Object;+5
j  org.springframework.beans.factory.config.DependencyDescriptor.resolveCandidate(Ljava/lang/String;Ljava/lang/Class;Lorg/springframework/beans/factory/BeanFactory;)Ljava/lang/Object;+2
j  org.springframework.beans.factory.support.DefaultListableBeanFactory.doResolveDependency(Lorg/springframework/beans/factory/config/DependencyDescriptor;Ljava/lang/String;Ljava/util/Set;Lorg/springframework/beans/TypeConverter;)Ljava/lang/Object;+440
j  org.springframework.beans.factory.support.DefaultListableBeanFactory.resolveDependency(Lorg/springframework/beans/factory/config/DependencyDescriptor;Ljava/lang/String;Ljava/util/Set;Lorg/springframework/beans/TypeConverter;)Ljava/lang/Object;+108
j  org.springframework.beans.factory.support.ConstructorResolver.resolveAutowiredArgument(Lorg/springframework/core/MethodParameter;Ljava/lang/String;Ljava/util/Set;Lorg/springframework/beans/TypeConverter;Z)Ljava/lang/Object;+79
j  org.springframework.beans.factory.support.ConstructorResolver.createArgumentArray(Ljava/lang/String;Lorg/springframework/beans/factory/support/RootBeanDefinition;Lorg/springframework/beans/factory/config/ConstructorArgumentValues;Lorg/springframework/beans/BeanWrapper;[Ljava/lang/Class;[Ljava/lang/String;Ljava/lang/reflect/Executable;ZZ)Lorg/springframework/beans/factory/support/ConstructorResolver$ArgumentsHolder;+434
j  org.springframework.beans.factory.support.ConstructorResolver.instantiateUsingFactoryMethod(Ljava/lang/String;Lorg/springframework/beans/factory/support/RootBeanDefinition;[Ljava/lang/Object;)Lorg/springframework/beans/BeanWrapper;+674
j  org.springframework.beans.factory.support.AbstractAutowireCapableBeanFactory.instantiateUsingFactoryMethod(Ljava/lang/String;Lorg/springframework/beans/factory/support/RootBeanDefinition;[Ljava/lang/Object;)Lorg/springframework/beans/BeanWrapper;+11
j  org.springframework.beans.factory.support.AbstractAutowireCapableBeanFactory.createBeanInstance(Ljava/lang/String;Lorg/springframework/beans/factory/support/RootBeanDefinition;[Ljava/lang/Object;)Lorg/springframework/beans/BeanWrapper;+101
j  org.springframework.beans.factory.support.AbstractAutowireCapableBeanFactory.doCreateBean(Ljava/lang/String;Lorg/springframework/beans/factory/support/RootBeanDefinition;[Ljava/lang/Object;)Ljava/lang/Object;+34
j  org.springframework.beans.factory.support.AbstractAutowireCapableBeanFactory.createBean(Ljava/lang/String;Lorg/springframework/beans/factory/support/RootBeanDefinition;[Ljava/lang/Object;)Ljava/lang/Object;+169
j  org.springframework.beans.factory.support.AbstractBeanFactory.lambda$doGetBean$0(Ljava/lang/String;Lorg/springframework/beans/factory/support/RootBeanDefinition;[Ljava/lang/Object;)Ljava/lang/Object;+4
j  org.springframework.beans.factory.support.AbstractBeanFactory$$Lambda$93.getObject()Ljava/lang/Object;+16
j  org.springframework.beans.factory.support.DefaultSingletonBeanRegistry.getSingleton(Ljava/lang/String;Lorg/springframework/beans/factory/ObjectFactory;)Ljava/lang/Object;+132
j  org.springframework.beans.factory.support.AbstractBeanFactory.doGetBean(Ljava/lang/String;Ljava/lang/Class;[Ljava/lang/Object;Z)Ljava/lang/Object;+467
j  org.springframework.beans.factory.support.AbstractBeanFactory.getBean(Ljava/lang/String;)Ljava/lang/Object;+5
j  org.springframework.context.support.AbstractApplicationContext.getBean(Ljava/lang/String;)Ljava/lang/Object;+9
j  org.springframework.context.support.AbstractApplicationContext.finishBeanFactoryInitialization(Lorg/springframework/beans/factory/config/ConfigurableListableBeanFactory;)V+100
j  org.springframework.context.support.AbstractApplicationContext.refresh()V+54
j  org.springframework.boot.web.servlet.context.ServletWebServerApplicationContext.refresh()V+1
j  org.springframework.boot.SpringApplication.refresh(Lorg/springframework/context/ApplicationContext;)V+10
j  org.springframework.boot.SpringApplication.refreshContext(Lorg/springframework/context/ConfigurableApplicationContext;)V+2
j  org.springframework.boot.SpringApplication.run([Ljava/lang/String;)Lorg/springframework/context/ConfigurableApplicationContext;+118
j  org.springframework.boot.SpringApplication.run([Ljava/lang/Class;[Ljava/lang/String;)Lorg/springframework/context/ConfigurableApplicationContext;+9
j  org.springframework.boot.SpringApplication.run(Ljava/lang/Class;[Ljava/lang/String;)Lorg/springframework/context/ConfigurableApplicationContext;+9
j  mk.ukim.finki.emt.lab.LabApplication.main([Ljava/lang/String;)V+3
v  ~StubRoutines::call_stub

---------------  P R O C E S S  ---------------

Java Threads: ( => current thread )
  0x172c0c00 JavaThread "HikariPool-1 connection adder" daemon [_thread_in_Java, id=4308, stack(0x188e0000,0x18930000)]
  0x1718fc00 JavaThread "HikariPool-1 housekeeper" daemon [_thread_blocked, id=1568, stack(0x18850000,0x188a0000)]
  0x171c4c00 JavaThread "mysql-cj-abandoned-connection-cleanup" daemon [_thread_blocked, id=3312, stack(0x18430000,0x18480000)]
  0x1718ec00 JavaThread "container-0" [_thread_blocked, id=2024, stack(0x183a0000,0x183f0000)]
  0x1719e400 JavaThread "Catalina-utility-2" [_thread_blocked, id=17636, stack(0x16d40000,0x16d90000)]
  0x1719dc00 JavaThread "Catalina-utility-1" [_thread_blocked, id=15216, stack(0x156b0000,0x15700000)]
  0x15320400 JavaThread "RMI TCP Accept-0" daemon [_thread_in_native, id=10344, stack(0x15590000,0x155e0000)]
  0x15185c00 JavaThread "Service Thread" daemon [_thread_blocked, id=12856, stack(0x15500000,0x15550000)]
  0x15181400 JavaThread "C1 CompilerThread0" daemon [_thread_blocked, id=6680, stack(0x15470000,0x154c0000)]
  0x151a8400 JavaThread "Monitor Ctrl-Break" daemon [_thread_in_native, id=14820, stack(0x153e0000,0x15430000)]
  0x14a9e000 JavaThread "Attach Listener" daemon [_thread_blocked, id=3936, stack(0x14f50000,0x14fa0000)]
  0x14a9c000 JavaThread "Signal Dispatcher" daemon [_thread_blocked, id=7680, stack(0x14ec0000,0x14f10000)]
  0x14a6cc00 JavaThread "Finalizer" daemon [_thread_blocked, id=12116, stack(0x04580000,0x045d0000)]
  0x14a67c00 JavaThread "Reference Handler" daemon [_thread_blocked, id=8968, stack(0x044f0000,0x04540000)]
=>0x022fcc00 JavaThread "main" [_thread_in_native, id=1400, stack(0x00730000,0x00780000)]

Other Threads:
  0x14a62800 VMThread [stack: 0x02430000,0x02480000] [id=7184]
  0x15321000 WatcherThread [stack: 0x15620000,0x15670000] [id=11920]

VM state:not at safepoint (normal execution)

VM Mutex/Monitor currently owned by a thread: None

Heap:
 def new generation   total 12672K, used 4362K [0x04600000, 0x053c0000, 0x09b50000)
  eden space 11264K,  29% used [0x04600000, 0x04947018, 0x05100000)
  from space 1408K,  79% used [0x05100000, 0x05219400, 0x05260000)
  to   space 1408K,   0% used [0x05260000, 0x05260000, 0x053c0000)
 tenured generation   total 28096K, used 20258K [0x09b50000, 0x0b6c0000, 0x14600000)
   the space 28096K,  72% used [0x09b50000, 0x0af18988, 0x0af18a00, 0x0b6c0000)
 Metaspace       used 22674K, capacity 23593K, committed 23680K, reserved 23936K

Card table byte_map: [0x02300000,0x02390000] byte_map_base: 0x022dd000

Polling page: 0x006e0000

CodeCache: size=32768Kb used=3693Kb max_used=3693Kb free=29074Kb
 bounds [0x024f0000, 0x02890000, 0x044f0000]
 total_blobs=2190 nmethods=1995 adapters=125
 compilation: enabled

Compilation events (10 events):
Event: 3.716 Thread 0x15181400 1968             java.util.regex.ASCII::toLower (16 bytes)
Event: 3.717 Thread 0x15181400 nmethod 1968 0x028745c8 code [0x028746c0, 0x02874750]
Event: 3.722 Thread 0x15181400 1969             java.util.regex.Pattern::peek (26 bytes)
Event: 3.722 Thread 0x15181400 nmethod 1969 0x02874788 code [0x02874890, 0x0287495c]
Event: 3.746 Thread 0x15181400 1970             com.sun.crypto.provider.CipherBlockChaining::encrypt (104 bytes)
Event: 3.746 Thread 0x15181400 nmethod 1970 0x02874d48 code [0x02874e70, 0x028750a8]
Event: 3.746 Thread 0x15181400 1971             sun.security.ssl.CipherBox::checkPadding (99 bytes)
Event: 3.746 Thread 0x15181400 nmethod 1971 0x02875308 code [0x02875420, 0x0287564c]
Event: 3.753 Thread 0x15181400 1972             com.sun.crypto.provider.CipherBlockChaining::decrypt (102 bytes)
Event: 3.753 Thread 0x15181400 nmethod 1972 0x028757c8 code [0x028758f0, 0x02875b18]

GC Heap History (10 events):
Event: 3.112 GC heap before
{Heap before GC invocations=80 (full 2):
 def new generation   total 7552K, used 6735K [0x04600000, 0x04e30000, 0x09b50000)
  eden space 6720K, 100% used [0x04600000, 0x04c90000, 0x04c90000)
  from space 832K,   1% used [0x04c90000, 0x04c93ea8, 0x04d60000)
  to   space 832K,   0% used [0x04d60000, 0x04d60000, 0x04e30000)
 tenured generation   total 16728K, used 16620K [0x09b50000, 0x0aba6000, 0x14600000)
   the space 16728K,  99% used [0x09b50000, 0x0ab8b378, 0x0ab8b400, 0x0aba6000)
 Metaspace       used 19429K, capacity 20296K, committed 20352K, reserved 20864K
Event: 3.114 GC heap after
Heap after GC invocations=81 (full 2):
 def new generation   total 7552K, used 355K [0x04600000, 0x04e30000, 0x09b50000)
  eden space 6720K,   0% used [0x04600000, 0x04600000, 0x04c90000)
  from space 832K,  42% used [0x04d60000, 0x04db8c00, 0x04e30000)
  to   space 832K,   0% used [0x04c90000, 0x04c90000, 0x04d60000)
 tenured generation   total 16728K, used 16620K [0x09b50000, 0x0aba6000, 0x14600000)
   the space 16728K,  99% used [0x09b50000, 0x0ab8b378, 0x0ab8b400, 0x0aba6000)
 Metaspace       used 19429K, capacity 20296K, committed 20352K, reserved 20864K
}
Event: 3.171 GC heap before
{Heap before GC invocations=81 (full 2):
 def new generation   total 7552K, used 7075K [0x04600000, 0x04e30000, 0x09b50000)
  eden space 6720K, 100% used [0x04600000, 0x04c90000, 0x04c90000)
  from space 832K,  42% used [0x04d60000, 0x04db8c00, 0x04e30000)
  to   space 832K,   0% used [0x04c90000, 0x04c90000, 0x04d60000)
 tenured generation   total 16728K, used 16620K [0x09b50000, 0x0aba6000, 0x14600000)
   the space 16728K,  99% used [0x09b50000, 0x0ab8b378, 0x0ab8b400, 0x0aba6000)
 Metaspace       used 19552K, capacity 20412K, committed 20480K, reserved 20864K
Event: 3.219 GC heap after
Heap after GC invocations=82 (full 3):
 def new generation   total 12672K, used 16K [0x04600000, 0x053c0000, 0x09b50000)
  eden space 11264K,   0% used [0x04600000, 0x04604198, 0x05100000)
  from space 1408K,   0% used [0x05100000, 0x05100000, 0x05260000)
  to   space 1408K,   0% used [0x05260000, 0x05260000, 0x053c0000)
 tenured generation   total 28096K, used 16855K [0x09b50000, 0x0b6c0000, 0x14600000)
   the space 28096K,  59% used [0x09b50000, 0x0abc5e60, 0x0abc6000, 0x0b6c0000)
 Metaspace       used 19552K, capacity 20412K, committed 20480K, reserved 20864K
}
Event: 3.354 GC heap before
{Heap before GC invocations=82 (full 3):
 def new generation   total 12672K, used 11264K [0x04600000, 0x053c0000, 0x09b50000)
  eden space 11264K, 100% used [0x04600000, 0x05100000, 0x05100000)
  from space 1408K,   0% used [0x05100000, 0x05100000, 0x05260000)
  to   space 1408K,   0% used [0x05260000, 0x05260000, 0x053c0000)
 tenured generation   total 28096K, used 16855K [0x09b50000, 0x0b6c0000, 0x14600000)
   the space 28096K,  59% used [0x09b50000, 0x0abc5e60, 0x0abc6000, 0x0b6c0000)
 Metaspace       used 19961K, capacity 20886K, committed 20992K, reserved 21888K
Event: 3.366 GC heap after
Heap after GC invocations=83 (full 3):
 def new generation   total 12672K, used 1115K [0x04600000, 0x053c0000, 0x09b50000)
  eden space 11264K,   0% used [0x04600000, 0x04600000, 0x05100000)
  from space 1408K,  79% used [0x05260000, 0x05376dc8, 0x053c0000)
  to   space 1408K,   0% used [0x05100000, 0x05100000, 0x05260000)
 tenured generation   total 28096K, used 16855K [0x09b50000, 0x0b6c0000, 0x14600000)
   the space 28096K,  59% used [0x09b50000, 0x0abc5e60, 0x0abc6000, 0x0b6c0000)
 Metaspace       used 19961K, capacity 20886K, committed 20992K, reserved 21888K
}
Event: 3.495 GC heap before
{Heap before GC invocations=83 (full 3):
 def new generation   total 12672K, used 12379K [0x04600000, 0x053c0000, 0x09b50000)
  eden space 11264K, 100% used [0x04600000, 0x05100000, 0x05100000)
  from space 1408K,  79% used [0x05260000, 0x05376dc8, 0x053c0000)
  to   space 1408K,   0% used [0x05100000, 0x05100000, 0x05260000)
 tenured generation   total 28096K, used 16855K [0x09b50000, 0x0b6c0000, 0x14600000)
   the space 28096K,  59% used [0x09b50000, 0x0abc5e60, 0x0abc6000, 0x0b6c0000)
 Metaspace       used 21036K, capacity 21977K, committed 22016K, reserved 22912K
Event: 3.503 GC heap after
Heap after GC invocations=84 (full 3):
 def new generation   total 12672K, used 1408K [0x04600000, 0x053c0000, 0x09b50000)
  eden space 11264K,   0% used [0x04600000, 0x04600000, 0x05100000)
  from space 1408K, 100% used [0x05100000, 0x05260000, 0x05260000)
  to   space 1408K,   0% used [0x05260000, 0x05260000, 0x053c0000)
 tenured generation   total 28096K, used 17724K [0x09b50000, 0x0b6c0000, 0x14600000)
   the space 28096K,  63% used [0x09b50000, 0x0ac9f1d0, 0x0ac9f200, 0x0b6c0000)
 Metaspace       used 21036K, capacity 21977K, committed 22016K, reserved 22912K
}
Event: 3.672 GC heap before
{Heap before GC invocations=84 (full 3):
 def new generation   total 12672K, used 12672K [0x04600000, 0x053c0000, 0x09b50000)
  eden space 11264K, 100% used [0x04600000, 0x05100000, 0x05100000)
  from space 1408K, 100% used [0x05100000, 0x05260000, 0x05260000)
  to   space 1408K,   0% used [0x05260000, 0x05260000, 0x053c0000)
 tenured generation   total 28096K, used 17724K [0x09b50000, 0x0b6c0000, 0x14600000)
   the space 28096K,  63% used [0x09b50000, 0x0ac9f1d0, 0x0ac9f200, 0x0b6c0000)
 Metaspace       used 22140K, capacity 23090K, committed 23168K, reserved 23936K
Event: 3.679 GC heap after
Heap after GC invocations=85 (full 3):
 def new generation   total 12672K, used 1408K [0x04600000, 0x053c0000, 0x09b50000)
  eden space 11264K,   0% used [0x04600000, 0x04600000, 0x05100000)
  from space 1408K, 100% used [0x05260000, 0x053c0000, 0x053c0000)
  to   space 1408K,   0% used [0x05100000, 0x05100000, 0x05260000)
 tenured generation   total 28096K, used 18995K [0x09b50000, 0x0b6c0000, 0x14600000)
   the space 28096K,  67% used [0x09b50000, 0x0addce78, 0x0addd000, 0x0b6c0000)
 Metaspace       used 22140K, capacity 23090K, committed 23168K, reserved 23936K
}

Deoptimization events (0 events):
No events

Internal exceptions (10 events):
Event: 3.285 Thread 0x022fcc00 Exception <a 'java/lang/ArrayIndexOutOfBoundsException'> (0x04be6438) thrown at [D:\re\puppet\workspace\8-2-build-windows-i586-cygwin\jdk8u60\4407\hotspot\src\share\vm\runtime\sharedRuntime.cpp, line 605]
Event: 3.287 Thread 0x022fcc00 Exception <a 'java/lang/ArrayIndexOutOfBoundsException'> (0x04bf4048) thrown at [D:\re\puppet\workspace\8-2-build-windows-i586-cygwin\jdk8u60\4407\hotspot\src\share\vm\runtime\sharedRuntime.cpp, line 605]
Event: 3.300 Thread 0x022fcc00 Exception <a 'java/lang/NoSuchMethodError': java.lang.Object.lambda$static$0(Ljava/lang/Object;)Ljava/lang/Object;> (0x04d0ef68) thrown at [D:\re\puppet\workspace\8-2-build-windows-i586-cygwin\jdk8u60\4407\hotspot\src\share\vm\interpreter\linkResolver.cpp,∑Ñç
@
Event: 3.319 Thread 0x022fcc00 Exception <a 'java/lang/ArrayIndexOutOfBoundsException'> (0x04e9f478) thrown at [D:\re\puppet\workspace\8-2-build-windows-i586-cygwin\jdk8u60\4407\hotspot\src\share\vm\runtime\sharedRuntime.cpp, line 605]
Event: 3.327 Thread 0x022fcc00 Exception <a 'java/lang/ArrayIndexOutOfBoundsException'> (0x04eec360) thrown at [D:\re\puppet\workspace\8-2-build-windows-i586-cygwin\jdk8u60\4407\hotspot\src\share\vm\runtime\sharedRuntime.cpp, line 605]
Event: 3.327 Thread 0x022fcc00 Exception <a 'java/lang/ArrayIndexOutOfBoundsException'> (0x04eee468) thrown at [D:\re\puppet\workspace\8-2-build-windows-i586-cygwin\jdk8u60\4407\hotspot\src\share\vm\runtime\sharedRuntime.cpp, line 605]
Event: 3.336 Thread 0x022fcc00 Exception <a 'java/lang/ArrayIndexOutOfBoundsException'> (0x04f2e830) thrown at [D:\re\puppet\workspace\8-2-build-windows-i586-cygwin\jdk8u60\4407\hotspot\src\share\vm\runtime\sharedRuntime.cpp, line 605]
Event: 3.339 Thread 0x022fcc00 Exception <a 'java/lang/ArrayIndexOutOfBoundsException'> (0x04f8ef50) thrown at [D:\re\puppet\workspace\8-2-build-windows-i586-cygwin\jdk8u60\4407\hotspot\src\share\vm\runtime\sharedRuntime.cpp, line 605]
Event: 3.348 Thread 0x022fcc00 Exception <a 'java/lang/ArrayIndexOutOfBoundsException'> (0x0504ca00) thrown at [D:\re\puppet\workspace\8-2-build-windows-i586-cygwin\jdk8u60\4407\hotspot\src\share\vm\runtime\sharedRuntime.cpp, line 605]
Event: 3.348 Thread 0x022fcc00 Exception <a 'java/lang/ArrayIndexOutOfBoundsException'> (0x0504e0f0) thrown at [D:\re\puppet\workspace\8-2-build-windows-i586-cygwin\jdk8u60\4407\hotspot\src\share\vm\runtime\sharedRuntime.cpp, line 605]

Events (10 events):
Event: 3.756 loading class com/zaxxer/hikari/pool/HikariPool$HouseKeeper
Event: 3.756 loading class com/zaxxer/hikari/pool/HikariPool$HouseKeeper done
Event: 3.757 loading class com/zaxxer/hikari/pool/ProxyLeakTask
Event: 3.757 loading class com/zaxxer/hikari/pool/ProxyLeakTask done
Event: 3.757 loading class com/zaxxer/hikari/pool/ProxyLeakTask$1
Event: 3.757 loading class com/zaxxer/hikari/pool/ProxyLeakTask$1 done
Event: 3.757 loading class com/zaxxer/hikari/pool/ProxyFactory
Event: 3.757 loading class com/zaxxer/hikari/pool/ProxyFactory done
Event: 3.757 loading class com/zaxxer/hikari/pool/HikariProxyConnection
Event: 3.757 loading class com/zaxxer/hikari/pool/HikariProxyConnection done


Dynamic libraries:
0x00d30000 - 0x00d63000 	C:\Program Files (x86)\Java\jdk1.8.0_60\bin\java.exe
0x77a50000 - 0x77bbf000 	C:\Windows\SYSTEM32\ntdll.dll
0x75580000 - 0x756c0000 	C:\Windows\SYSTEM32\KERNEL32.DLL
0x77140000 - 0x77217000 	C:\Windows\SYSTEM32\KERNELBASE.dll
0x743f0000 - 0x74490000 	C:\Windows\system32\apphelp.dll
0x61880000 - 0x61ae6000 	C:\Windows\AppPatch\AcGenral.DLL
0x77660000 - 0x77723000 	C:\Windows\SYSTEM32\msvcrt.dll
0x770f0000 - 0x77131000 	C:\Windows\SYSTEM32\sechost.dll
0x756c0000 - 0x756de000 	C:\Windows\SYSTEM32\SspiCli.dll
0x77610000 - 0x77655000 	C:\Windows\SYSTEM32\SHLWAPI.dll
0x6f040000 - 0x6f12d000 	C:\Windows\SYSTEM32\UxTheme.dll
0x76b50000 - 0x76ca3000 	C:\Windows\SYSTEM32\USER32.dll
0x769a0000 - 0x76aaf000 	C:\Windows\SYSTEM32\GDI32.dll
0x6ee50000 - 0x6ee73000 	C:\Windows\SYSTEM32\WINMM.dll
0x73f70000 - 0x73f83000 	C:\Windows\SYSTEM32\samcli.dll
0x75240000 - 0x75369000 	C:\Windows\SYSTEM32\ole32.dll
0x76ab0000 - 0x76b45000 	C:\Windows\SYSTEM32\OLEAUT32.dll
0x73fb0000 - 0x73fc7000 	C:\Windows\SYSTEM32\MSACM32.dll
0x74c80000 - 0x74c88000 	C:\Windows\SYSTEM32\VERSION.dll
0x756e0000 - 0x7699b000 	C:\Windows\SYSTEM32\SHELL32.dll
0x74c50000 - 0x74c6b000 	C:\Windows\SYSTEM32\USERENV.dll
0x74720000 - 0x7473a000 	C:\Windows\SYSTEM32\dwmapi.dll
0x6d990000 - 0x6dadb000 	C:\Windows\SYSTEM32\urlmon.dll
0x77570000 - 0x775ec000 	C:\Windows\SYSTEM32\ADVAPI32.dll
0x73890000 - 0x738f5000 	C:\Windows\SYSTEM32\WINSPOOL.DRV
0x74c30000 - 0x74c46000 	C:\Windows\SYSTEM32\MPR.dll
0x777a0000 - 0x7785a000 	C:\Windows\SYSTEM32\RPCRT4.dll
0x75230000 - 0x7523a000 	C:\Windows\SYSTEM32\CRYPTBASE.dll
0x773f0000 - 0x7756d000 	C:\Windows\SYSTEM32\combase.dll
0x6ee20000 - 0x6ee43000 	C:\Windows\SYSTEM32\WINMMBASE.dll
0x74c20000 - 0x74c2f000 	C:\Windows\SYSTEM32\profapi.dll
0x6d750000 - 0x6d982000 	C:\Windows\SYSTEM32\iertutil.dll
0x6df70000 - 0x6e17d000 	C:\Windows\SYSTEM32\WININET.dll
0x751d0000 - 0x75224000 	C:\Windows\SYSTEM32\bcryptPrimitives.dll
0x77860000 - 0x7789c000 	C:\Windows\SYSTEM32\cfgmgr32.dll
0x71060000 - 0x71081000 	C:\Windows\SYSTEM32\DEVOBJ.dll
0x74490000 - 0x7451b000 	C:\Windows\SYSTEM32\SHCORE.DLL
0x778a0000 - 0x778c7000 	C:\Windows\system32\IMM32.DLL
0x772d0000 - 0x773e2000 	C:\Windows\SYSTEM32\MSCTF.dll
0x685c0000 - 0x687c6000 	C:\Windows\WinSxS\x86_microsoft.windows.common-controls_6595b64144ccf1df_6.0.9600.17810_none_a9edf09f013934e0\COMCTL32.dll
0x69e60000 - 0x69f1f000 	C:\Program Files (x86)\Java\jdk1.8.0_60\jre\bin\msvcr100.dll
0x60f50000 - 0x61315000 	C:\Program Files (x86)\Java\jdk1.8.0_60\jre\bin\client\jvm.dll
0x67600000 - 0x67608000 	C:\Windows\SYSTEM32\WSOCK32.dll
0x77280000 - 0x77286000 	C:\Windows\SYSTEM32\PSAPI.DLL
0x76cb0000 - 0x76cff000 	C:\Windows\SYSTEM32\WS2_32.dll
0x778d0000 - 0x778d7000 	C:\Windows\SYSTEM32\NSI.dll
0x74220000 - 0x7422c000 	C:\Program Files (x86)\Java\jdk1.8.0_60\jre\bin\verify.dll
0x73f40000 - 0x73f61000 	C:\Program Files (x86)\Java\jdk1.8.0_60\jre\bin\java.dll
0x70220000 - 0x70240000 	C:\Program Files (x86)\Java\jdk1.8.0_60\jre\bin\instrument.dll
0x73f90000 - 0x73fa3000 	C:\Program Files (x86)\Java\jdk1.8.0_60\jre\bin\zip.dll
0x70200000 - 0x70216000 	D:\Programming_IDE\JetBrains\IntelliJ IDEA 2018.3.6\bin\breakgen.dll
0x70610000 - 0x70625000 	C:\Program Files (x86)\Java\jdk1.8.0_60\jre\bin\net.dll
0x739a0000 - 0x739eb000 	C:\Windows\system32\mswsock.dll
0x6e500000 - 0x6e57e000 	C:\Windows\SYSTEM32\DNSAPI.dll
0x69610000 - 0x69631000 	C:\Program Files (x86)\Bonjour\mdnsNSP.dll
0x74860000 - 0x74880000 	C:\Windows\SYSTEM32\Iphlpapi.DLL
0x747b0000 - 0x747b8000 	C:\Windows\SYSTEM32\WINNSI.DLL
0x6e4f0000 - 0x6e4f8000 	C:\Windows\System32\rasadhlp.dll
0x6e4a0000 - 0x6e4e6000 	C:\Windows\System32\fwpuclnt.dll
0x70ae0000 - 0x70aea000 	C:\Program Files (x86)\Java\jdk1.8.0_60\jre\bin\management.dll
0x73e80000 - 0x73e8f000 	C:\Program Files (x86)\Java\jdk1.8.0_60\jre\bin\nio.dll
0x71c00000 - 0x71c19000 	C:\Windows\SYSTEM32\CRYPTSP.dll
0x71bd0000 - 0x71c00000 	C:\Windows\system32\rsaenh.dll
0x71bb0000 - 0x71bce000 	C:\Windows\SYSTEM32\bcrypt.dll
0x6e5e0000 - 0x6e5f3000 	C:\Windows\SYSTEM32\dhcpcsvc6.DLL
0x6e600000 - 0x6e614000 	C:\Windows\SYSTEM32\dhcpcsvc.DLL
0x62580000 - 0x62591000 	C:\Windows\system32\napinsp.dll
0x62560000 - 0x62576000 	C:\Windows\system32\pnrpnsp.dll
0x62540000 - 0x62554000 	C:\Windows\system32\NLAapi.dll
0x67660000 - 0x6766a000 	C:\Windows\System32\winrnr.dll
0x64470000 - 0x64480000 	C:\Windows\system32\wshbth.dll
0x701e0000 - 0x70200000 	C:\Program Files (x86)\Java\jdk1.8.0_60\jre\bin\sunec.dll
0x75080000 - 0x751c1000 	C:\Windows\SYSTEM32\dbghelp.dll

VM Arguments:
jvm_args: -XX:TieredStopAtLevel=1 -Xverify:none -Dspring.output.ansi.enabled=always -Dcom.sun.management.jmxremote -Dspring.liveBeansView.mbeanDomain -Dspring.application.admin.enabled=true -javaagent:D:\Programming_IDE\JetBrains\IntelliJ IDEA 2018.3.6\lib\idea_rt.jar=15855:D:\Programming_IDE\JetBrains\IntelliJ IDEA 2018.3.6\bin -Dfile.encoding=UTF-8 
java_command: mk.ukim.finki.emt.lab.LabApplication
java_class_path (initial): C:\Program Files (x86)\Java\jdk1.8.0_60\jre\lib\charsets.jar;C:\Program Files (x86)\Java\jdk1.8.0_60\jre\lib\deploy.jar;C:\Program Files (x86)\Java\jdk1.8.0_60\jre\lib\ext\access-bridge-32.jar;C:\Program Files (x86)\Java\jdk1.8.0_60\jre\lib\ext\cldrdata.jar;C:\Program Files (x86)\Java\jdk1.8.0_60\jre\lib\ext\dnsns.jar;C:\Program Files (x86)\Java\jdk1.8.0_60\jre\lib\ext\jaccess.jar;C:\Program Files (x86)\Java\jdk1.8.0_60\jre\lib\ext\jfxrt.jar;C:\Program Files (x86)\Java\jdk1.8.0_60\jre\lib\ext\localedata.jar;C:\Program Files (x86)\Java\jdk1.8.0_60\jre\lib\ext\nashorn.jar;C:\Program Files (x86)\Java\jdk1.8.0_60\jre\lib\ext\sunec.jar;C:\Program Files (x86)\Java\jdk1.8.0_60\jre\lib\ext\sunjce_provider.jar;C:\Program Files (x86)\Java\jdk1.8.0_60\jre\lib\ext\sunmscapi.jar;C:\Program Files (x86)\Java\jdk1.8.0_60\jre\lib\ext\sunpkcs11.jar;C:\Program Files (x86)\Java\jdk1.8.0_60\jre\lib\ext\zipfs.jar;C:\Program Files (x86)\Java\jdk1.8.0_60\jre\lib\javaws.jar;C:\Program Files (x86)\Java\jdk1.8.0_60\jre\lib\jce.jar;C:\Program Files (x86)\Java\jdk1.8.0_60\jre\lib\jfr.jar;C:\Program Files (x86)\Java\jdk1.8.0_60\jre\lib\jfxswt.jar;C:\Program Files (x86)\Java\jdk1.8.0_60\jre\lib\jsse.jar;C:\Program Files (x86)\Java\jdk1.8.0_60\jre\lib\management-agent.jar;C:\Program Files (x86)\Java\jdk1.8.0_60\jre\lib\plugin.jar;C:\Program Files (x86)\Java\jdk1.8.0_60\jre\lib\resources.jar;C:\Program Files (x86)\Java\jdk1.8.0_60\jre\lib\rt.jar;D:\Programming_workspace\EMT\Seminarska\target\classes;C:\Users\NIKOLA SPASOVSKI\.m2\repository\org\springframework\boot\spring-boot-starter-data-jpa\2.1.3.RELEASE\spring-boot-starter-data-jpa-2.1.3.RELEASE.jar;C:\Users\NIKOLA SPASOVSKI\.m2\repository\org\springframework\boot\spring-boot-starter-aop\2.1.3.RELEASE\spring-boot-starter-aop-2.1.3.RELEASE.jar;C:\Users\NIKOLA SPASOVSKI\.m2\repository\org\aspectj\aspectjweaver\1.9.2\aspectjweaver-1.9.2.jar;C:\Users\NIKOLA SPASOVSKI\.m2\repository\javax\transaction\javax.transaction-api
Launcher Type: SUN_STANDARD

Environment Variables:
PATH=C:\Program Files (x86)\Common Files\Oracle\Java\javapath;C:\ProgramData\Oracle\Java\javapath;C:\Program Files (x86)\Intel\iCLS Client\;C:\Program Files\Intel\iCLS Client\;C:\Windows\system32;C:\Windows;C:\Windows\System32\Wbem;C:\Windows\System32\WindowsPowerShell\v1.0\;C:\Program Files\Intel\Intel(R) Management Engine Components\DAL;C:\Program Files (x86)\Intel\Intel(R) Management Engine Components\DAL;C:\Program Files\Intel\Intel(R) Management Engine Components\IPT;C:\Program Files (x86)\Intel\Intel(R) Management Engine Components\IPT;C:\Program Files (x86)\NVIDIA Corporation\PhysX\Common;C:\Program Files\Microsoft SQL Server\130\Tools\Binn\;C:\Windows\system32\config\systemprofile\.dnx\bin;C:\Program Files\Microsoft DNX\Dnvm\;C:\Program Files\Microsoft SQL Server\120\Tools\Binn\;C:\Program Files (x86)\Windows Kits\10\Windows Performance Toolkit\;C:\Program Files (x86)\Microsoft Emulator Manager\1.0\;C:\Program Files\MATLAB\R2015b\runtime\win64;C:\Program Files\MATLAB\R2015b\bin;C:\Program Files\MATLAB\R2015b\polyspace\bin;C:\Program Files (x86)\Skype\Phone\;C:\Program Files\MySQL\MySQL Shell 8.0\bin\
USERNAME=NIKOLA SPASOVSKI
OS=Windows_NT
PROCESSOR_IDENTIFIER=Intel64 Family 6 Model 61 Stepping 4, GenuineIntel



---------------  S Y S T E M  ---------------

OS: Windows 8.1 , 64 bit Build 9600 (6.3.9600.17415)

CPU:total 4 (2 cores per cpu, 2 threads per core) family 6 model 61 stepping 4, cmov, cx8, fxsr, mmx, sse, sse2, sse3, ssse3, sse4.1, sse4.2, popcnt, avx, avx2, aes, clmul, erms, 3dnowpref, lzcnt, ht, tsc, tscinvbit, bmi1, bmi2

Memory: 4k page, physical 4103668k(439020k free), swap 7944536k(1914592k free)

vm_info: Java HotSpot(TM) Client VM (25.60-b23) for windows-x86 JRE (1.8.0_60-b27), built on Aug  4 2015 10:57:40 by "java_re" with MS VC++ 10.0 (VS2010)

time: Thu Aug 22 19:22:29 2019
elapsed time: 4 seconds (0d 0h 0m 4s)

